<?xml version="1.0" encoding="UTF-8"?>
<!-- Generated by org.testng.reporters.JUnitReportReporter -->
<testsuite skipped="0" hostname="ASHISH-PC" name="com.Anisha.AutomationFramework.NewTest" tests="1" failures="0" timestamp="03 Sep 2019 16:20:23 GMT" time="14.531" errors="0">
  <testcase name="f" time="14.531" classname="com.Anisha.AutomationFramework.NewTest"/>
</testsuite> <!-- com.Anisha.AutomationFramework.NewTest -->
